<?xml version="1.0" encoding="UTF-8"?>
<!-- Generated by org.testng.reporters.JUnitReportReporter -->
<testsuite hostname="L-SJC-10005066" name="Selenium_POM.Selenium_POMs.practise_project.testscripts.TC001_TestLogin" tests="1" failures="0" timestamp="16 Jan 2017 22:38:10 GMT" time="10.570" errors="0">
  <testcase name="testLogin" time="10.570" classname="Selenium_POM.Selenium_POMs.practise_project.testscripts.TC001_TestLogin"/>
</testsuite> <!-- Selenium_POM.Selenium_POMs.practise_project.testscripts.TC001_TestLogin -->
