<?xml version="1.0" encoding="UTF-8"?>
<!-- Generated by org.testng.reporters.JUnitReportReporter -->
<testsuite hostname="L-SJC-10005066" name="Selenium_POM.Selenium_POMs.practise_project.testscripts.TC003_TestContactUs" tests="1" failures="0" timestamp="16 Jan 2017 21:58:19 GMT" time="13.320" errors="0">
  <testcase name="testContactUs" time="13.320" classname="Selenium_POM.Selenium_POMs.practise_project.testscripts.TC003_TestContactUs"/>
</testsuite> <!-- Selenium_POM.Selenium_POMs.practise_project.testscripts.TC003_TestContactUs -->
