<?xml version="1.0" encoding="UTF-8"?>
<!-- Generated by org.testng.reporters.JUnitReportReporter -->
<testsuite hostname="L-SJC-10005066" name="Selenium_POM.Selenium_POMs.practise_project.testscripts.TC003_TestContactUs" tests="1" failures="0" timestamp="17 Feb 2017 05:49:35 GMT" time="12.877" errors="0">
  <testcase name="testContactUs" time="12.877" classname="Selenium_POM.Selenium_POMs.practise_project.testscripts.TC003_TestContactUs"/>
</testsuite> <!-- Selenium_POM.Selenium_POMs.practise_project.testscripts.TC003_TestContactUs -->
