<?xml version="1.0" encoding="UTF-8"?>
<!-- Generated by org.testng.reporters.JUnitReportReporter -->
<testsuite hostname="L-SJC-10005066" name="Selenium_POM.Selenium_POMs.practise_project.testscripts.TC002_TestCreateAccount" tests="1" failures="0" timestamp="16 Jan 2017 21:00:49 GMT" time="9.016" errors="0">
  <testcase name="testCreateAccount" time="9.016" classname="Selenium_POM.Selenium_POMs.practise_project.testscripts.TC002_TestCreateAccount"/>
</testsuite> <!-- Selenium_POM.Selenium_POMs.practise_project.testscripts.TC002_TestCreateAccount -->
